<?xml version="1.0" encoding="UTF-8"?>
<!-- Generated by org.testng.reporters.JUnitReportReporter -->
<testsuite skipped="0" hostname="Meirn-LAP" name="apiNetace.BesDeviceModelsDevices" tests="4" failures="0" timestamp="2021-07-13T00:41:49 IDT" time="115.466" errors="0">
  <testcase name="tc01postaddBES" time="5.126" classname="apiNetace.BesDeviceModelsDevices"/>
  <system-out/>
  <testcase name="tc02postaddElements" time="3.514" classname="apiNetace.BesDeviceModelsDevices"/>
  <system-out/>
  <testcase name="tc03postaddListofDevices" time="16.714" classname="apiNetace.BesDeviceModelsDevices"/>
  <system-out/>
  <testcase name="tc04getDevicesCount" time="90.112" classname="apiNetace.BesDeviceModelsDevices"/>
  <system-out/>
</testsuite> <!-- apiNetace.BesDeviceModelsDevices -->
