<?xml version="1.0" encoding="UTF-8"?>
<!-- Generated by org.testng.reporters.JUnitReportReporter -->
<testsuite skipped="0" hostname="Meirn-LAP" name="apiNetace.GetLinks" tests="7" failures="0" timestamp="2021-07-13T00:41:49 IDT" time="3.497" errors="0">
  <testcase name="tc9getLinksCount" time="0.038" classname="apiNetace.GetLinks"/>
  <system-out/>
  <testcase name="tc10getLinksdeviceById" time="0.554" classname="apiNetace.GetLinks"/>
  <system-out/>
  <testcase name="tc11getLinksdeviceByIp" time="0.420" classname="apiNetace.GetLinks"/>
  <system-out/>
  <testcase name="tc12getLinksdeviceByname" time="0.432" classname="apiNetace.GetLinks"/>
  <system-out/>
  <testcase name="tc13getLinksList" time="1.389" classname="apiNetace.GetLinks"/>
  <system-out/>
  <testcase name="tc14deleteDevices" time="0.621" classname="apiNetace.GetLinks"/>
  <system-out/>
  <testcase name="tc15getDevicesCountafterDelete" time="0.043" classname="apiNetace.GetLinks"/>
  <system-out/>
</testsuite> <!-- apiNetace.GetLinks -->
