<?xml version="1.0" encoding="UTF-8"?>
<!-- Generated by org.testng.reporters.JUnitReportReporter -->
<testsuite skipped="0" hostname="Meirn-LAP" name="apiNetace.GetDevices" tests="1" failures="1" timestamp="2021-09-01T15:08:53 IDT" time="12.216" errors="0">
  <testcase name="tc8getDevicesInventoryList" time="12.216" classname="apiNetace.GetDevices">
    <failure type="java.lang.AssertionError" message="The following asserts failed:
	swVersion2 in response is not expected expected [JUNOS Base OS Software Suite [13.3R5.9]] but found [JUNOS Base OS Software Suite [13.3R9.13]],
	sWVersion2 in response is not expected expected [JUNOS Base OS Software Suite [13.3R5.9]] but found [JUNOS Base OS Software Suite [13.3R9.13]]">
      <![CDATA[java.lang.AssertionError: The following asserts failed:
swVersion2 in response is not expected expected [JUNOS Base OS Software Suite [13.3R5.9]] but found [JUNOS Base OS Software Suite [13.3R9.13]],
sWVersion2 in response is not expected expected [JUNOS Base OS Software Suite [13.3R5.9]] but found [JUNOS Base OS Software Suite [13.3R9.13]]
at org.testng.asserts.SoftAssert.assertAll(SoftAssert.java:47)
at org.testng.asserts.SoftAssert.assertAll(SoftAssert.java:31)
at apiNetace.GetDevices.tc8getDevicesInventoryList(GetDevices.java:743)
at sun.reflect.NativeMethodAccessorImpl.invoke0(Native Method)
at sun.reflect.NativeMethodAccessorImpl.invoke(NativeMethodAccessorImpl.java:62)
at sun.reflect.DelegatingMethodAccessorImpl.invoke(DelegatingMethodAccessorImpl.java:43)
at java.lang.reflect.Method.invoke(Method.java:498)
at org.testng.internal.MethodInvocationHelper.invokeMethod(MethodInvocationHelper.java:132)
at org.testng.internal.TestInvoker.invokeMethod(TestInvoker.java:599)
at org.testng.internal.TestInvoker.invokeTestMethod(TestInvoker.java:174)
at org.testng.internal.MethodRunner.runInSequence(MethodRunner.java:46)
at org.testng.internal.TestInvoker$MethodInvocationAgent.invoke(TestInvoker.java:822)
at org.testng.internal.TestInvoker.invokeTestMethods(TestInvoker.java:147)
at org.testng.internal.TestMethodWorker.invokeTestMethods(TestMethodWorker.java:146)
at org.testng.internal.TestMethodWorker.run(TestMethodWorker.java:128)
at java.util.ArrayList.forEach(ArrayList.java:1257)
at org.testng.TestRunner.privateRun(TestRunner.java:764)
at org.testng.TestRunner.run(TestRunner.java:585)
at org.testng.SuiteRunner.runTest(SuiteRunner.java:384)
at org.testng.SuiteRunner.runSequentially(SuiteRunner.java:378)
at org.testng.SuiteRunner.privateRun(SuiteRunner.java:337)
at org.testng.SuiteRunner.run(SuiteRunner.java:286)
at org.testng.SuiteRunnerWorker.runSuite(SuiteRunnerWorker.java:53)
at org.testng.SuiteRunnerWorker.run(SuiteRunnerWorker.java:96)
at org.testng.TestNG.runSuitesSequentially(TestNG.java:1218)
at org.testng.TestNG.runSuitesLocally(TestNG.java:1140)
at org.testng.TestNG.runSuites(TestNG.java:1069)
at org.testng.TestNG.run(TestNG.java:1037)
at org.testng.remote.AbstractRemoteTestNG.run(AbstractRemoteTestNG.java:115)
at org.testng.remote.RemoteTestNG.initAndRun(RemoteTestNG.java:251)
at org.testng.remote.RemoteTestNG.main(RemoteTestNG.java:77)
]]>
    </failure>
  </testcase> <!-- tc8getDevicesInventoryList -->
  <system-out/>
</testsuite> <!-- apiNetace.GetDevices -->
