<?xml version="1.0" encoding="UTF-8"?>
<!-- Generated by org.testng.reporters.JUnitReportReporter -->
<testsuite skipped="0" hostname="Meirn-LAP" name="webuiNetace.Firsttests" tests="1" failures="0" timestamp="2021-08-10T12:46:00 IDT" time="42.614" errors="0">
  <testcase name="firstTest" time="42.614" classname="webuiNetace.Firsttests"/>
  <system-out/>
</testsuite> <!-- webuiNetace.Firsttests -->
